<?xml version="1.0" encoding="UTF-8"?>
<!-- Generated by org.testng.reporters.JUnitReportReporter -->
<testsuite hostname="Manoj" failures="0" tests="2" name="hrtc.IFramesDemo" time="12.558" errors="0" timestamp="2023-04-09T18:58:53 IST" skipped="1">
  <testcase classname="hrtc.IFramesDemo" name="w3school_Tciframe" time="12.558"/>
  <system-out/>
  <testcase classname="hrtc.IFramesDemo" name="TC_iframe001">
    <skipped/>
  </testcase> <!-- TC_iframe001 -->
  <system-out/>
</testsuite> <!-- hrtc.IFramesDemo -->
