<?xml version="1.0" encoding="UTF-8"?>
<!-- Generated by org.testng.reporters.JUnitReportReporter -->
<testsuite hostname="Manoj" failures="0" tests="1" name="PlayerPortal.PlayerLogin" time="60.548" errors="0" timestamp="2023-02-03T21:01:42 IST" skipped="0">
  <testcase classname="PlayerPortal.PlayerLogin" name="TestCase_001" time="60.548"/>
  <system-out/>
</testsuite> <!-- PlayerPortal.PlayerLogin -->
