<?xml version="1.0" encoding="UTF-8"?>
<!-- Generated by org.testng.reporters.JUnitReportReporter -->
<testsuite hostname="Manoj" failures="0" tests="2" name="hrtc.SeleniumSample" time="20.777" errors="0" timestamp="2023-04-09T18:58:53 IST" skipped="1">
  <testcase classname="hrtc.SeleniumSample" name="testAutomation0001" time="20.777"/>
  <system-out/>
  <testcase classname="hrtc.SeleniumSample" name="testAutomationPractice">
    <skipped/>
  </testcase> <!-- testAutomationPractice -->
  <system-out/>
</testsuite> <!-- hrtc.SeleniumSample -->
