<?xml version="1.0" encoding="UTF-8"?>
<!-- Generated by org.testng.reporters.JUnitReportReporter -->
<testsuite hostname="Manoj" failures="0" tests="1" name="hrtc.Modals" time="10.152" errors="0" timestamp="2023-04-06T21:54:30 IST" skipped="0">
  <testcase classname="hrtc.Modals" name="w3school_Tciframe" time="10.152"/>
  <system-out/>
</testsuite> <!-- hrtc.Modals -->
