<?xml version="1.0" encoding="UTF-8"?>
<!-- Generated by org.testng.reporters.JUnitReportReporter -->
<testsuite hostname="Manoj" failures="0" tests="1" name="TestCases.TC_0001" time="13.227" errors="0" timestamp="2022-09-04T18:48:18 IST" skipped="0">
  <testcase classname="TestCases.TC_0001" name="tcase1" time="13.227"/>
  <system-out/>
</testsuite> <!-- TestCases.TC_0001 -->
