<?xml version="1.0" encoding="UTF-8"?>
<!-- Generated by org.testng.reporters.JUnitReportReporter -->
<testsuite hostname="Manoj" failures="0" tests="1" name="TestCases.TC_0001" time="9.215" errors="0" timestamp="2022-09-01T21:56:10 IST" skipped="0">
  <testcase classname="TestCases.TC_0001" name="tcase1" time="9.215"/>
  <system-out/>
</testsuite> <!-- TestCases.TC_0001 -->
