<?xml version="1.0" encoding="UTF-8"?>
<!-- Generated by org.testng.reporters.JUnitReportReporter -->
<testsuite hostname="Manoj" failures="0" tests="3" name="Pack1.A" time="0.007" errors="0" timestamp="2023-02-28T23:09:46 IST" skipped="0">
  <testcase classname="Pack1.A" name="Tc_002" time="0.002"/>
  <system-out/>
  <testcase classname="Pack1.A" name="Tc_001" time="0.004"/>
  <system-out/>
  <testcase classname="Pack1.A" name="Tc_003" time="0.001"/>
  <system-out/>
</testsuite> <!-- Pack1.A -->
