<?xml version="1.0" encoding="UTF-8"?>
<!-- Generated by org.testng.reporters.JUnitReportReporter -->
<testsuite hostname="Manoj" failures="0" tests="1" name="Pack2.Z" time="0.010" errors="0" timestamp="2023-03-01T21:59:03 IST" skipped="0">
  <testcase classname="Pack2.Z" name="Tc_1" time="0.010"/>
  <system-out/>
</testsuite> <!-- Pack2.Z -->
