<?xml version="1.0" encoding="UTF-8"?>
<!-- Generated by org.testng.reporters.JUnitReportReporter -->
<testsuite hostname="Manoj" failures="0" tests="1" name="Pack1.B" time="0.001" errors="0" timestamp="2023-03-01T21:59:03 IST" skipped="0">
  <testcase classname="Pack1.B" name="Tc_001" time="0.001"/>
  <system-out/>
</testsuite> <!-- Pack1.B -->
